<?xml version="1.0" encoding="UTF-8"?>
<!-- Generated by org.testng.reporters.JUnitReportReporter -->
<testsuite hostname="DESKTOP-EE714EK" failures="0" tests="1" name="com.inetbanking.TestCases.TC_LoginPageTest_001" time="31.703" errors="0" timestamp="2022-12-20T21:32:54 IST" skipped="0">
  <testcase classname="com.inetbanking.TestCases.TC_LoginPageTest_001" name="logintest" time="31.703"/>
  <system-out/>
</testsuite> <!-- com.inetbanking.TestCases.TC_LoginPageTest_001 -->
